[02:26:23] [main/INFO]: Loading Minecraft 1.20.1 with Fabric Loader 0.16.3
[02:26:23] [main/INFO]: Loading 4 mods:
	- fabricloader 0.16.3
	   \-- mixinextras 0.4.1
	- java 17
	- minecraft 1.20.1
[02:26:23] [main/INFO]: SpongePowered MIXIN Subsystem Version=0.8.7 Source=file:/workspaces/dania122112/servidor_minecraft/libraries/net/fabricmc/sponge-mixin/0.15.2+mixin.0.8.7/sponge-mixin-0.15.2+mixin.0.8.7.jar Service=Knot/Fabric Env=SERVER
[02:26:28] [main/INFO]: Environment: authHost='https://authserver.mojang.com', accountsHost='https://api.mojang.com', sessionHost='https://sessionserver.mojang.com', servicesHost='https://api.minecraftservices.com', name='PROD'
[02:26:30] [main/INFO]: Loaded 7 recipes
[02:26:30] [main/INFO]: Loaded 1271 advancements
[02:26:31] [Server thread/INFO]: Starting minecraft server version 1.20.1
[02:26:31] [Server thread/INFO]: Loading properties
[02:26:31] [Server thread/INFO]: Default game type: SURVIVAL
[02:26:31] [Server thread/INFO]: Generating keypair
[02:26:31] [Server thread/INFO]: Starting Minecraft server on *:25565
[02:26:31] [Server thread/INFO]: Using epoll channel type
[02:26:31] [Server thread/WARN]: **** SERVER IS RUNNING IN OFFLINE/INSECURE MODE!
[02:26:31] [Server thread/WARN]: The server will make no attempt to authenticate usernames. Beware.
[02:26:31] [Server thread/WARN]: While this makes the game possible to play without internet access, it also opens up the ability for hackers to connect with any username they choose.
[02:26:31] [Server thread/WARN]: To change this, set "online-mode" to "true" in the server.properties file.
[02:26:31] [Server thread/INFO]: Preparing level "world"
[02:26:33] [Server thread/INFO]: Preparing start region for dimension minecraft:overworld
[02:26:37] [Worker-Main-3/INFO]: Preparing spawn area: 0%
[02:26:37] [Worker-Main-1/INFO]: Preparing spawn area: 0%
[02:26:37] [Worker-Main-1/INFO]: Preparing spawn area: 0%
[02:26:37] [Worker-Main-1/INFO]: Preparing spawn area: 0%
[02:26:37] [Worker-Main-1/INFO]: Preparing spawn area: 0%
[02:26:37] [Worker-Main-1/INFO]: Preparing spawn area: 0%
[02:26:37] [Worker-Main-2/INFO]: Preparing spawn area: 0%
[02:26:37] [Worker-Main-2/INFO]: Preparing spawn area: 0%
[02:26:37] [Worker-Main-1/INFO]: Preparing spawn area: 31%
[02:26:38] [Server thread/INFO]: Time elapsed: 4430 ms
[02:26:38] [Server thread/INFO]: Done (7.010s)! For help, type "help"
